#! /usr/local/Cellar/icarus-verilog/11.0/bin/vvp
:ivl_version "11.0 (stable)";
:ivl_delay_selection "TYPICAL";
:vpi_time_precision + 0;
:vpi_module "/usr/local/Cellar/icarus-verilog/11.0/lib/ivl/system.vpi";
:vpi_module "/usr/local/Cellar/icarus-verilog/11.0/lib/ivl/vhdl_sys.vpi";
:vpi_module "/usr/local/Cellar/icarus-verilog/11.0/lib/ivl/vhdl_textio.vpi";
:vpi_module "/usr/local/Cellar/icarus-verilog/11.0/lib/ivl/v2005_math.vpi";
:vpi_module "/usr/local/Cellar/icarus-verilog/11.0/lib/ivl/va_math.vpi";
S_0x7fb9cff00160 .scope module, "vend_ctrl" "vend_ctrl" 2 1;
 .timescale 0 0;
    .port_info 0 /INPUT 2 "coin";
    .port_info 1 /INPUT 1 "clock";
    .port_info 2 /INPUT 1 "reset";
    .port_info 3 /OUTPUT 1 "newspaper";
P_0x7fb9cff002d0 .param/l "COIN_0" 0 2 17, C4<00>;
P_0x7fb9cff00310 .param/l "COIN_10" 0 2 19, C4<10>;
P_0x7fb9cff00350 .param/l "COIN_5" 0 2 18, C4<01>;
P_0x7fb9cff00390 .param/l "S0" 0 2 12, C4<00>;
P_0x7fb9cff003d0 .param/l "S10" 0 2 14, C4<10>;
P_0x7fb9cff00410 .param/l "S15" 0 2 15, C4<11>;
P_0x7fb9cff00450 .param/l "S5" 0 2 13, C4<01>;
L_0x10da41008 .functor BUFT 1, C4<11>, C4<0>, C4<0>, C4<0>;
v0x7fb9cff00780_0 .net/2u *"_ivl_0", 1 0, L_0x10da41008;  1 drivers
o0x10da10038 .functor BUFZ 1, C4<z>; HiZ drive
v0x7fb9cff10840_0 .net "clock", 0 0, o0x10da10038;  0 drivers
o0x10da10068 .functor BUFZ 2, C4<zz>; HiZ drive
v0x7fb9cff108e0_0 .net "coin", 1 0, o0x10da10068;  0 drivers
v0x7fb9cff10980_0 .var "fsm_state", 1 0;
v0x7fb9cff10a30_0 .net "newspaper", 0 0, L_0x7fb9cff10bf0;  1 drivers
o0x10da100f8 .functor BUFZ 1, C4<z>; HiZ drive
v0x7fb9cff10b10_0 .net "reset", 0 0, o0x10da100f8;  0 drivers
E_0x7fb9cff00730 .event posedge, v0x7fb9cff10840_0;
L_0x7fb9cff10bf0 .cmp/eq 2, v0x7fb9cff10980_0, L_0x10da41008;
    .scope S_0x7fb9cff00160;
T_0 ;
    %wait E_0x7fb9cff00730;
    %load/vec4 v0x7fb9cff10b10_0;
    %flag_set/vec4 8;
    %jmp/0xz  T_0.0, 8;
    %pushi/vec4 0, 0, 2;
    %assign/vec4 v0x7fb9cff10980_0, 0;
    %jmp T_0.1;
T_0.0 ;
    %load/vec4 v0x7fb9cff10980_0;
    %dup/vec4;
    %pushi/vec4 0, 0, 2;
    %cmp/u;
    %jmp/1 T_0.2, 6;
    %dup/vec4;
    %pushi/vec4 1, 0, 2;
    %cmp/u;
    %jmp/1 T_0.3, 6;
    %dup/vec4;
    %pushi/vec4 2, 0, 2;
    %cmp/u;
    %jmp/1 T_0.4, 6;
    %dup/vec4;
    %pushi/vec4 3, 0, 2;
    %cmp/u;
    %jmp/1 T_0.5, 6;
    %pushi/vec4 0, 0, 2;
    %assign/vec4 v0x7fb9cff10980_0, 0;
    %jmp T_0.7;
T_0.2 ;
    %load/vec4 v0x7fb9cff108e0_0;
    %cmpi/e 1, 0, 2;
    %jmp/0xz  T_0.8, 4;
    %pushi/vec4 1, 0, 2;
    %assign/vec4 v0x7fb9cff10980_0, 0;
    %jmp T_0.9;
T_0.8 ;
    %load/vec4 v0x7fb9cff108e0_0;
    %cmpi/e 2, 0, 2;
    %jmp/0xz  T_0.10, 4;
    %pushi/vec4 2, 0, 2;
    %assign/vec4 v0x7fb9cff10980_0, 0;
T_0.10 ;
T_0.9 ;
    %jmp T_0.7;
T_0.3 ;
    %load/vec4 v0x7fb9cff108e0_0;
    %cmpi/e 1, 0, 2;
    %jmp/0xz  T_0.12, 4;
    %pushi/vec4 2, 0, 2;
    %assign/vec4 v0x7fb9cff10980_0, 0;
    %jmp T_0.13;
T_0.12 ;
    %load/vec4 v0x7fb9cff108e0_0;
    %cmpi/e 2, 0, 2;
    %jmp/0xz  T_0.14, 4;
    %pushi/vec4 3, 0, 2;
    %assign/vec4 v0x7fb9cff10980_0, 0;
T_0.14 ;
T_0.13 ;
    %jmp T_0.7;
T_0.4 ;
    %load/vec4 v0x7fb9cff108e0_0;
    %cmpi/e 1, 0, 2;
    %jmp/0xz  T_0.16, 4;
    %pushi/vec4 3, 0, 2;
    %assign/vec4 v0x7fb9cff10980_0, 0;
    %jmp T_0.17;
T_0.16 ;
    %load/vec4 v0x7fb9cff108e0_0;
    %cmpi/e 2, 0, 2;
    %jmp/0xz  T_0.18, 4;
    %pushi/vec4 3, 0, 2;
    %assign/vec4 v0x7fb9cff10980_0, 0;
T_0.18 ;
T_0.17 ;
    %jmp T_0.7;
T_0.5 ;
    %pushi/vec4 0, 0, 2;
    %assign/vec4 v0x7fb9cff10980_0, 0;
    %jmp T_0.7;
T_0.7 ;
    %pop/vec4 1;
T_0.1 ;
    %jmp T_0;
    .thread T_0;
# The file index is used to find the file name in the following table.
:file_names 3;
    "N/A";
    "<interactive>";
    "/Users/cloudsky/Documents/学习/课件/大二下/MIPS/PART2/实验内容/Project2/Project2报纸自动售卖机/my_newspaper_vend.v";
